<?xml version="1.0" encoding="UTF-8"?>
<coverage generated="1771687807118" clover="3.2.0">
  <project timestamp="1771687807118" name="All files">
    <metrics statements="26" coveredstatements="26" conditionals="19" coveredconditionals="14" methods="10" coveredmethods="10" elements="55" coveredelements="50" complexity="0" loc="26" ncloc="26" packages="1" files="1" classes="1"/>
    <file name="index.ts" path="/Users/mfamily/Sites/runtime-reporter/index.ts">
      <metrics statements="26" coveredstatements="26" conditionals="19" coveredconditionals="14" methods="10" coveredmethods="10"/>
      <line num="142" count="1" type="stmt"/>
      <line num="146" count="11" type="stmt"/>
      <line num="148" count="11" type="cond" truecount="1" falsecount="1"/>
      <line num="149" count="11" type="cond" truecount="2" falsecount="0"/>
      <line num="150" count="6" type="stmt"/>
      <line num="151" count="6" type="cond" truecount="2" falsecount="2"/>
      <line num="152" count="6" type="stmt"/>
      <line num="153" count="6" type="stmt"/>
      <line num="157" count="11" type="stmt"/>
      <line num="171" count="10" type="cond" truecount="1" falsecount="0"/>
      <line num="173" count="11" type="stmt"/>
      <line num="181" count="11" type="stmt"/>
      <line num="185" count="11" type="cond" truecount="2" falsecount="0"/>
      <line num="186" count="11" type="stmt"/>
      <line num="187" count="11" type="stmt"/>
      <line num="188" count="11" type="stmt"/>
      <line num="191" count="11" type="stmt"/>
      <line num="193" count="4" type="stmt"/>
      <line num="196" count="2" type="stmt"/>
      <line num="197" count="2" type="cond" truecount="2" falsecount="0"/>
      <line num="200" count="1" type="stmt"/>
      <line num="201" count="1" type="cond" truecount="1" falsecount="1"/>
      <line num="204" count="1" type="stmt"/>
      <line num="205" count="1" type="cond" truecount="1" falsecount="1"/>
      <line num="208" count="3" type="stmt"/>
      <line num="209" count="3" type="stmt"/>
    </file>
  </project>
</coverage>
