{"/Users/mfamily/Sites/runtime-reporter/index.ts": {"path":"/Users/mfamily/Sites/runtime-reporter/index.ts","statementMap":{"0":{"start":{"line":142,"column":24},"end":{"line":158,"column":null}},"1":{"start":{"line":146,"column":18},"end":{"line":146,"column":null}},"2":{"start":{"line":148,"column":4},"end":{"line":155,"column":null}},"3":{"start":{"line":149,"column":8},"end":{"line":154,"column":null}},"4":{"start":{"line":150,"column":35},"end":{"line":150,"column":null}},"5":{"start":{"line":151,"column":28},"end":{"line":151,"column":null}},"6":{"start":{"line":152,"column":29},"end":{"line":152,"column":null}},"7":{"start":{"line":153,"column":12},"end":{"line":153,"column":null}},"8":{"start":{"line":157,"column":4},"end":{"line":157,"column":null}},"9":{"start":{"line":173,"column":8},"end":{"line":173,"column":null}},"10":{"start":{"line":171,"column":43},"end":{"line":171,"column":null}},"11":{"start":{"line":181,"column":23},"end":{"line":189,"column":null}},"12":{"start":{"line":185,"column":25},"end":{"line":185,"column":null}},"13":{"start":{"line":186,"column":23},"end":{"line":186,"column":null}},"14":{"start":{"line":187,"column":21},"end":{"line":187,"column":null}},"15":{"start":{"line":188,"column":8},"end":{"line":188,"column":null}},"16":{"start":{"line":191,"column":4},"end":{"line":211,"column":null}},"17":{"start":{"line":193,"column":12},"end":{"line":193,"column":null}},"18":{"start":{"line":196,"column":28},"end":{"line":196,"column":null}},"19":{"start":{"line":197,"column":12},"end":{"line":197,"column":null}},"20":{"start":{"line":197,"column":32},"end":{"line":197,"column":null}},"21":{"start":{"line":200,"column":28},"end":{"line":200,"column":null}},"22":{"start":{"line":201,"column":12},"end":{"line":201,"column":null}},"23":{"start":{"line":201,"column":32},"end":{"line":201,"column":null}},"24":{"start":{"line":204,"column":28},"end":{"line":204,"column":null}},"25":{"start":{"line":205,"column":12},"end":{"line":205,"column":null}},"26":{"start":{"line":205,"column":32},"end":{"line":205,"column":null}},"27":{"start":{"line":208,"column":28},"end":{"line":208,"column":null}},"28":{"start":{"line":209,"column":12},"end":{"line":209,"column":null}}},"fnMap":{"0":{"name":"resolveTemplate2","decl":{"start":{"line":142,"column":33},"end":{"line":142,"column":null}},"loc":{"start":{"line":145,"column":10},"end":{"line":158,"column":null}},"line":145},"1":{"name":"(anonymous_1)","decl":{"start":{"line":149,"column":45},"end":{"line":149,"column":46}},"loc":{"start":{"line":149,"column":56},"end":{"line":154,"column":9}},"line":149},"2":{"name":"createRuntimeReporter","decl":{"start":{"line":166,"column":16},"end":{"line":166,"column":null}},"loc":{"start":{"line":169,"column":22},"end":{"line":212,"column":null}},"line":169},"3":{"name":"(anonymous_3)","decl":{"start":{"line":171,"column":24},"end":{"line":171,"column":25}},"loc":{"start":{"line":171,"column":43},"end":{"line":171,"column":null}},"line":171},"4":{"name":"getMessage2","decl":{"start":{"line":181,"column":32},"end":{"line":181,"column":null}},"loc":{"start":{"line":184,"column":14},"end":{"line":189,"column":null}},"line":184},"5":{"name":"(anonymous_5)","decl":{"start":{"line":192,"column":17},"end":{"line":192,"column":18}},"loc":{"start":{"line":192,"column":36},"end":{"line":194,"column":null}},"line":192},"6":{"name":"(anonymous_6)","decl":{"start":{"line":195,"column":15},"end":{"line":195,"column":16}},"loc":{"start":{"line":195,"column":34},"end":{"line":198,"column":null}},"line":195},"7":{"name":"(anonymous_7)","decl":{"start":{"line":199,"column":14},"end":{"line":199,"column":15}},"loc":{"start":{"line":199,"column":33},"end":{"line":202,"column":null}},"line":199},"8":{"name":"(anonymous_8)","decl":{"start":{"line":203,"column":13},"end":{"line":203,"column":14}},"loc":{"start":{"line":203,"column":32},"end":{"line":206,"column":null}},"line":203},"9":{"name":"(anonymous_9)","decl":{"start":{"line":207,"column":14},"end":{"line":207,"column":15}},"loc":{"start":{"line":207,"column":33},"end":{"line":210,"column":null}},"line":207}},"branchMap":{"0":{"loc":{"start":{"line":148,"column":4},"end":{"line":155,"column":null}},"type":"if","locations":[{"start":{"line":148,"column":4},"end":{"line":155,"column":null}},{"start":{},"end":{}}],"line":148},"1":{"loc":{"start":{"line":149,"column":23},"end":{"line":149,"column":35}},"type":"binary-expr","locations":[{"start":{"line":149,"column":23},"end":{"line":149,"column":33}},{"start":{"line":149,"column":33},"end":{"line":149,"column":35}}],"line":149},"2":{"loc":{"start":{"line":151,"column":28},"end":{"line":151,"column":null}},"type":"cond-expr","locations":[{"start":{"line":151,"column":53},"end":{"line":151,"column":69}},{"start":{"line":151,"column":69},"end":{"line":151,"column":null}}],"line":151},"3":{"loc":{"start":{"line":151,"column":76},"end":{"line":151,"column":87}},"type":"binary-expr","locations":[{"start":{"line":151,"column":76},"end":{"line":151,"column":85}},{"start":{"line":151,"column":85},"end":{"line":151,"column":87}}],"line":151},"4":{"loc":{"start":{"line":168,"column":4},"end":{"line":168,"column":null}},"type":"default-arg","locations":[{"start":{"line":168,"column":38},"end":{"line":168,"column":null}}],"line":168},"5":{"loc":{"start":{"line":171,"column":8},"end":{"line":171,"column":null}},"type":"default-arg","locations":[{"start":{"line":171,"column":24},"end":{"line":171,"column":null}}],"line":171},"6":{"loc":{"start":{"line":172,"column":8},"end":{"line":172,"column":null}},"type":"default-arg","locations":[{"start":{"line":172,"column":26},"end":{"line":172,"column":null}}],"line":172},"7":{"loc":{"start":{"line":185,"column":25},"end":{"line":185,"column":null}},"type":"binary-expr","locations":[{"start":{"line":185,"column":25},"end":{"line":185,"column":43}},{"start":{"line":185,"column":43},"end":{"line":185,"column":null}}],"line":185},"8":{"loc":{"start":{"line":197,"column":12},"end":{"line":197,"column":null}},"type":"if","locations":[{"start":{"line":197,"column":12},"end":{"line":197,"column":null}},{"start":{},"end":{}}],"line":197},"9":{"loc":{"start":{"line":201,"column":12},"end":{"line":201,"column":null}},"type":"if","locations":[{"start":{"line":201,"column":12},"end":{"line":201,"column":null}},{"start":{},"end":{}}],"line":201},"10":{"loc":{"start":{"line":205,"column":12},"end":{"line":205,"column":null}},"type":"if","locations":[{"start":{"line":205,"column":12},"end":{"line":205,"column":null}},{"start":{},"end":{}}],"line":205}},"s":{"0":1,"1":11,"2":11,"3":11,"4":6,"5":6,"6":6,"7":6,"8":11,"9":11,"10":10,"11":11,"12":11,"13":11,"14":11,"15":11,"16":11,"17":4,"18":2,"19":2,"20":1,"21":1,"22":1,"23":1,"24":1,"25":1,"26":1,"27":3,"28":3},"f":{"0":11,"1":6,"2":11,"3":10,"4":11,"5":4,"6":2,"7":1,"8":1,"9":3},"b":{"0":[11,0],"1":[11,5],"2":[0,6],"3":[6,0],"4":[11],"5":[10],"6":[11],"7":[11,3],"8":[1,1],"9":[1,0],"10":[1,0]},"meta":{"lastBranch":11,"lastFunction":10,"lastStatement":29,"seen":{"s:142:24:158:Infinity":0,"f:142:33:142:Infinity":0,"s:146:18:146:Infinity":1,"b:148:4:155:Infinity:undefined:undefined:undefined:undefined":0,"s:148:4:155:Infinity":2,"s:149:8:154:Infinity":3,"b:149:23:149:33:149:33:149:35":1,"f:149:45:149:46":1,"s:150:35:150:Infinity":4,"s:151:28:151:Infinity":5,"b:151:53:151:69:151:69:151:Infinity":2,"b:151:76:151:85:151:85:151:87":3,"s:152:29:152:Infinity":6,"s:153:12:153:Infinity":7,"s:157:4:157:Infinity":8,"f:166:16:166:Infinity":2,"b:168:38:168:Infinity":4,"s:173:8:173:Infinity":9,"b:171:24:171:Infinity":5,"f:171:24:171:25":3,"s:171:43:171:Infinity":10,"b:172:26:172:Infinity":6,"s:181:23:189:Infinity":11,"f:181:32:181:Infinity":4,"s:185:25:185:Infinity":12,"b:185:25:185:43:185:43:185:Infinity":7,"s:186:23:186:Infinity":13,"s:187:21:187:Infinity":14,"s:188:8:188:Infinity":15,"s:191:4:211:Infinity":16,"f:192:17:192:18":5,"s:193:12:193:Infinity":17,"f:195:15:195:16":6,"s:196:28:196:Infinity":18,"b:197:12:197:Infinity:undefined:undefined:undefined:undefined":8,"s:197:12:197:Infinity":19,"s:197:32:197:Infinity":20,"f:199:14:199:15":7,"s:200:28:200:Infinity":21,"b:201:12:201:Infinity:undefined:undefined:undefined:undefined":9,"s:201:12:201:Infinity":22,"s:201:32:201:Infinity":23,"f:203:13:203:14":8,"s:204:28:204:Infinity":24,"b:205:12:205:Infinity:undefined:undefined:undefined:undefined":10,"s:205:12:205:Infinity":25,"s:205:32:205:Infinity":26,"f:207:14:207:15":9,"s:208:28:208:Infinity":27,"s:209:12:209:Infinity":28}}}
}
